<?xml version="1.0" encoding="UTF-8"?>
<!-- Generated by org.testng.reporters.JUnitReportReporter -->
<testsuite hostname="notebook" failures="0" tests="2" name="automation.testcases.LoginTest" time="11.156" errors="0" timestamp="2020-10-03T20:45:14 CEST" skipped="0">
  <testcase classname="automation.testcases.LoginTest" name="testLoginUnsuccesful" time="4.275"/>
  <system-out/>
  <testcase classname="automation.testcases.LoginTest" name="testLoginSuccesfulWithLogOut" time="6.881"/>
  <system-out/>
</testsuite> <!-- automation.testcases.LoginTest -->
